Using pre-set license
Built from '2021.3/staging' branch; Version is '2021.3.11f1 (0a5ca18544bf) revision 679073'; Using compiler version '192829333'; Build Type 'Release'
OS: 'Windows 10  (10.0.19044) 64bit Professional' Language: 'es' Physical Memory: 16203 MB
BatchMode: 1, IsHumanControllingUs: 0, StartBugReporterOnCrash: 0, Is64bit: 1, IsPro: 1

COMMAND LINE ARGUMENTS:
C:\Program Files\Unity\Hub\Editor\2021.3.11f1\Editor\Unity.exe
-adb2
-batchMode
-noUpm
-name
AssetImportWorker0
-projectPath
C:/Users/Luis/semestre2023A/ADVANCEDCOMPUTERGRAPHICS/Después del segundo parcial/FinalCG4
-logFile
Logs/AssetImportWorker0.log
-srvPort
59906
Successfully changed project path to: C:/Users/Luis/semestre2023A/ADVANCEDCOMPUTERGRAPHICS/Después del segundo parcial/FinalCG4
C:/Users/Luis/semestre2023A/ADVANCEDCOMPUTERGRAPHICS/Después del segundo parcial/FinalCG4
[UnityMemory] Configuration Parameters - Can be set up in boot.config
    "memorysetup-bucket-allocator-granularity=16"
    "memorysetup-bucket-allocator-bucket-count=8"
    "memorysetup-bucket-allocator-block-size=33554432"
    "memorysetup-bucket-allocator-block-count=8"
    "memorysetup-main-allocator-block-size=16777216"
    "memorysetup-thread-allocator-block-size=16777216"
    "memorysetup-gfx-main-allocator-block-size=16777216"
    "memorysetup-gfx-thread-allocator-block-size=16777216"
    "memorysetup-cache-allocator-block-size=4194304"
    "memorysetup-typetree-allocator-block-size=2097152"
    "memorysetup-profiler-bucket-allocator-granularity=16"
    "memorysetup-profiler-bucket-allocator-bucket-count=8"
    "memorysetup-profiler-bucket-allocator-block-size=33554432"
    "memorysetup-profiler-bucket-allocator-block-count=8"
    "memorysetup-profiler-allocator-block-size=16777216"
    "memorysetup-profiler-editor-allocator-block-size=1048576"
    "memorysetup-temp-allocator-size-main=16777216"
    "memorysetup-job-temp-allocator-block-size=2097152"
    "memorysetup-job-temp-allocator-block-size-background=1048576"
    "memorysetup-job-temp-allocator-reduction-small-platforms=262144"
    "memorysetup-temp-allocator-size-background-worker=32768"
    "memorysetup-temp-allocator-size-job-worker=262144"
    "memorysetup-temp-allocator-size-preload-manager=33554432"
    "memorysetup-temp-allocator-size-nav-mesh-worker=65536"
    "memorysetup-temp-allocator-size-audio-worker=65536"
    "memorysetup-temp-allocator-size-cloud-worker=32768"
    "memorysetup-temp-allocator-size-gi-baking-worker=262144"
    "memorysetup-temp-allocator-size-gfx=262144"
Refreshing native plugins compatible for Editor in 95.96 ms, found 3 plugins.
Preloading 0 native plugins for Editor in 0.00 ms.
Initialize engine version: 2021.3.11f1 (0a5ca18544bf)
[Subsystems] Discovering subsystems at path C:/Program Files/Unity/Hub/Editor/2021.3.11f1/Editor/Data/Resources/UnitySubsystems
[Subsystems] Discovering subsystems at path C:/Users/Luis/semestre2023A/ADVANCEDCOMPUTERGRAPHICS/Después del segundo parcial/FinalCG4/Assets
GfxDevice: creating device client; threaded=0; jobified=0
Direct3D:
    Version:  Direct3D 11.0 [level 11.1]
    Renderer: Intel(R) UHD Graphics 630 (ID=0x9bc5)
    Vendor:   Intel
    VRAM:     8101 MB
    Driver:   31.0.101.2111
Initialize mono
Mono path[0] = 'C:/Program Files/Unity/Hub/Editor/2021.3.11f1/Editor/Data/Managed'
Mono path[1] = 'C:/Program Files/Unity/Hub/Editor/2021.3.11f1/Editor/Data/MonoBleedingEdge/lib/mono/unityjit-win32'
Mono config path = 'C:/Program Files/Unity/Hub/Editor/2021.3.11f1/Editor/Data/MonoBleedingEdge/etc'
Using monoOptions --debugger-agent=transport=dt_socket,embedding=1,server=y,suspend=n,address=127.0.0.1:56528
Begin MonoManager ReloadAssembly
Registering precompiled unity dll's ...
Register platform support module: C:/Program Files/Unity/Hub/Editor/2021.3.11f1/Editor/Data/PlaybackEngines/WindowsStandaloneSupport/UnityEditor.WindowsStandalone.Extensions.dll
Registered in 0.005845 seconds.
Native extension for WindowsStandalone target not found
Refreshing native plugins compatible for Editor in 99.25 ms, found 3 plugins.
Preloading 0 native plugins for Editor in 0.00 ms.
Mono: successfully reloaded assembly
- Completed reload, in  0.565 seconds
Domain Reload Profiling:
	ReloadAssembly (565ms)
		BeginReloadAssembly (61ms)
			ExecutionOrderSort (0ms)
			DisableScriptedObjects (0ms)
			BackupInstance (0ms)
			ReleaseScriptingObjects (0ms)
			CreateAndSetChildDomain (1ms)
		EndReloadAssembly (413ms)
			LoadAssemblies (59ms)
			RebuildTransferFunctionScriptingTraits (0ms)
			SetupTypeCache (84ms)
			ReleaseScriptCaches (0ms)
			RebuildScriptCaches (23ms)
			SetupLoadedEditorAssemblies (262ms)
				LogAssemblyErrors (0ms)
				InitializePlatformSupportModulesInManaged (6ms)
				SetLoadedEditorAssemblies (0ms)
				RefreshPlugins (99ms)
				BeforeProcessingInitializeOnLoad (1ms)
				ProcessInitializeOnLoadAttributes (114ms)
				ProcessInitializeOnLoadMethodAttributes (41ms)
				AfterProcessingInitializeOnLoad (0ms)
				EditorAssembliesLoaded (0ms)
			ExecutionOrderSort2 (0ms)
			AwakeInstancesAfterBackupRestoration (0ms)
Platform modules already initialized, skipping
Registering precompiled user dll's ...
Registered in 0.006804 seconds.
Begin MonoManager ReloadAssembly
Symbol file LoadedFromMemory doesn't match image C:\Users\Luis\semestre2023A\ADVANCEDCOMPUTERGRAPHICS\Después del segundo parcial\FinalCG4\Library\PackageCache\com.unity.visualscripting@1.7.8\Editor\VisualScripting.Core\Dependencies\YamlDotNet\Unity.VisualScripting.YamlDotNet.dll
Symbol file LoadedFromMemory doesn't match image C:\Users\Luis\semestre2023A\ADVANCEDCOMPUTERGRAPHICS\Después del segundo parcial\FinalCG4\Library\PackageCache\com.unity.visualscripting@1.7.8\Editor\VisualScripting.Core\Dependencies\DotNetZip\Unity.VisualScripting.IonicZip.dll
Native extension for WindowsStandalone target not found
Refreshing native plugins compatible for Editor in 98.24 ms, found 3 plugins.
Preloading 0 native plugins for Editor in 0.00 ms.
Mono: successfully reloaded assembly
- Completed reload, in  1.095 seconds
Domain Reload Profiling:
	ReloadAssembly (1095ms)
		BeginReloadAssembly (90ms)
			ExecutionOrderSort (0ms)
			DisableScriptedObjects (5ms)
			BackupInstance (0ms)
			ReleaseScriptingObjects (0ms)
			CreateAndSetChildDomain (16ms)
		EndReloadAssembly (910ms)
			LoadAssemblies (75ms)
			RebuildTransferFunctionScriptingTraits (0ms)
			SetupTypeCache (246ms)
			ReleaseScriptCaches (1ms)
			RebuildScriptCaches (52ms)
			SetupLoadedEditorAssemblies (497ms)
				LogAssemblyErrors (0ms)
				InitializePlatformSupportModulesInManaged (4ms)
				SetLoadedEditorAssemblies (1ms)
				RefreshPlugins (98ms)
				BeforeProcessingInitializeOnLoad (105ms)
				ProcessInitializeOnLoadAttributes (213ms)
				ProcessInitializeOnLoadMethodAttributes (67ms)
				AfterProcessingInitializeOnLoad (9ms)
				EditorAssembliesLoaded (0ms)
			ExecutionOrderSort2 (0ms)
			AwakeInstancesAfterBackupRestoration (4ms)
Platform modules already initialized, skipping
========================================================================
Worker process is ready to serve import requests
Launched and connected shader compiler UnityShaderCompiler.exe after 0.03 seconds
Refreshing native plugins compatible for Editor in 0.82 ms, found 3 plugins.
Preloading 0 native plugins for Editor in 0.00 ms.
Unloading 5306 Unused Serialized files (Serialized files now loaded: 0)
Unloading 49 unused Assets / (2.0 MB). Loaded Objects now: 5750.
Memory consumption went from 222.5 MB to 220.5 MB.
Total: 3.631100 ms (FindLiveObjects: 0.399400 ms CreateObjectMapping: 0.404500 ms MarkObjects: 2.381600 ms  DeleteObjects: 0.444800 ms)

AssetImportParameters requested are different than current active one (requested -> active):
  custom:video-decoder-ogg-theora: a1e56fd34408186e4bbccfd4996cb3dc -> 
  custom:container-muxer-webm: aa71ff27fc2769a1b78a27578f13a17b -> 
  custom:container-demuxer-webm: 4f35f7cbe854078d1ac9338744f61a02 -> 
  custom:video-encoder-webm-vp8: eb34c28f22e8b96e1ab97ce403110664 -> 
  custom:audio-encoder-webm-vorbis: bf7c407c2cedff20999df2af8eb42d56 -> 
  custom:framework-win-MediaFoundation: 216162199b28c13a410421893ffa2e32 -> 
  custom:container-demuxer-ogg: 62fdf1f143b41e24485cea50d1cbac27 -> 
  custom:video-decoder-webm-vp8: 9c59270c3fd7afecdb556c50c9e8de78 -> 
  custom:audio-decoder-ogg-vorbis: bf7c407c2cedff20999df2af8eb42d56 -> 
========================================================================
Received Import Request.
  Time since last request: 8202.115098 seconds.
  path: Assets/IRRELEVENT
  artifactKey: Guid(2ade453e76bb29841abf56660026625b) Importer(815301076,1909f56bfc062723c751e8b465ee728b)
Start importing Assets/IRRELEVENT using Guid(2ade453e76bb29841abf56660026625b) Importer(815301076,1909f56bfc062723c751e8b465ee728b)  -> (artifact id: '99ef5610a5d46d649aef975a96890491') in 0.011298 seconds 
========================================================================
Received Import Request.
  Time since last request: 0.000027 seconds.
  path: Assets/URPR
  artifactKey: Guid(7bae96d6e3a135e4faf1e935e45cffa5) Importer(815301076,1909f56bfc062723c751e8b465ee728b)
Start importing Assets/URPR using Guid(7bae96d6e3a135e4faf1e935e45cffa5) Importer(815301076,1909f56bfc062723c751e8b465ee728b)  -> (artifact id: '179f55527bf88b7f029a1bec2c5cdce3') in 0.006865 seconds 
========================================================================
Received Prepare
Registering precompiled user dll's ...
Registered in 0.006072 seconds.
Begin MonoManager ReloadAssembly
Symbol file LoadedFromMemory doesn't match image C:\Users\Luis\semestre2023A\ADVANCEDCOMPUTERGRAPHICS\Después del segundo parcial\FinalCG4\Library\PackageCache\com.unity.visualscripting@1.7.8\Editor\VisualScripting.Core\Dependencies\YamlDotNet\Unity.VisualScripting.YamlDotNet.dll
Symbol file LoadedFromMemory doesn't match image C:\Users\Luis\semestre2023A\ADVANCEDCOMPUTERGRAPHICS\Después del segundo parcial\FinalCG4\Library\PackageCache\com.unity.visualscripting@1.7.8\Editor\VisualScripting.Core\Dependencies\DotNetZip\Unity.VisualScripting.IonicZip.dll
Native extension for WindowsStandalone target not found
Refreshing native plugins compatible for Editor in 0.80 ms, found 3 plugins.
Preloading 0 native plugins for Editor in 0.00 ms.
Mono: successfully reloaded assembly
- Completed reload, in  1.036 seconds
Domain Reload Profiling:
	ReloadAssembly (1036ms)
		BeginReloadAssembly (152ms)
			ExecutionOrderSort (0ms)
			DisableScriptedObjects (5ms)
			BackupInstance (0ms)
			ReleaseScriptingObjects (0ms)
			CreateAndSetChildDomain (43ms)
		EndReloadAssembly (759ms)
			LoadAssemblies (114ms)
			RebuildTransferFunctionScriptingTraits (0ms)
			SetupTypeCache (237ms)
			ReleaseScriptCaches (1ms)
			RebuildScriptCaches (37ms)
			SetupLoadedEditorAssemblies (349ms)
				LogAssemblyErrors (0ms)
				InitializePlatformSupportModulesInManaged (10ms)
				SetLoadedEditorAssemblies (0ms)
				RefreshPlugins (1ms)
				BeforeProcessingInitializeOnLoad (79ms)
				ProcessInitializeOnLoadAttributes (185ms)
				ProcessInitializeOnLoadMethodAttributes (67ms)
				AfterProcessingInitializeOnLoad (7ms)
				EditorAssembliesLoaded (0ms)
			ExecutionOrderSort2 (0ms)
			AwakeInstancesAfterBackupRestoration (8ms)
Platform modules already initialized, skipping
Refreshing native plugins compatible for Editor in 1.88 ms, found 3 plugins.
Preloading 0 native plugins for Editor in 0.00 ms.
Unloading 5146 Unused Serialized files (Serialized files now loaded: 0)
Unloading 42 unused Assets / (2.0 MB). Loaded Objects now: 5753.
Memory consumption went from 210.4 MB to 208.4 MB.
Total: 3.581500 ms (FindLiveObjects: 0.342100 ms CreateObjectMapping: 0.263100 ms MarkObjects: 2.548600 ms  DeleteObjects: 0.427100 ms)

AssetImportParameters requested are different than current active one (requested -> active):
  custom:video-decoder-ogg-theora: a1e56fd34408186e4bbccfd4996cb3dc -> 
  custom:container-muxer-webm: aa71ff27fc2769a1b78a27578f13a17b -> 
  custom:container-demuxer-webm: 4f35f7cbe854078d1ac9338744f61a02 -> 
  custom:video-encoder-webm-vp8: eb34c28f22e8b96e1ab97ce403110664 -> 
  custom:audio-encoder-webm-vorbis: bf7c407c2cedff20999df2af8eb42d56 -> 
  custom:framework-win-MediaFoundation: 216162199b28c13a410421893ffa2e32 -> 
  custom:container-demuxer-ogg: 62fdf1f143b41e24485cea50d1cbac27 -> 
  custom:video-decoder-webm-vp8: 9c59270c3fd7afecdb556c50c9e8de78 -> 
  custom:audio-decoder-ogg-vorbis: bf7c407c2cedff20999df2af8eb42d56 -> 
========================================================================
Received Import Request.
  Time since last request: 222.273813 seconds.
  path: Assets/Luis/Shaders/Retro Screen.shadergraph
  artifactKey: Guid(9f6b8bea59be5584a8c247b07b8bd312) Importer(815301076,1909f56bfc062723c751e8b465ee728b)
Start importing Assets/Luis/Shaders/Retro Screen.shadergraph using Guid(9f6b8bea59be5584a8c247b07b8bd312) Importer(815301076,1909f56bfc062723c751e8b465ee728b)  -> (artifact id: '72d8dda0222f7059fa5772fc4025e382') in 0.035625 seconds 
========================================================================
Received Import Request.
  Time since last request: 363.901999 seconds.
  path: Assets/Luis/Shaders/Retro Screen.shadergraph
  artifactKey: Guid(9f6b8bea59be5584a8c247b07b8bd312) Importer(815301076,1909f56bfc062723c751e8b465ee728b)
Start importing Assets/Luis/Shaders/Retro Screen.shadergraph using Guid(9f6b8bea59be5584a8c247b07b8bd312) Importer(815301076,1909f56bfc062723c751e8b465ee728b)  -> (artifact id: 'e24989f9856a09fd9b1e3efba8c91ef1') in 0.002567 seconds 
========================================================================
Received Import Request.
  Time since last request: 9.374918 seconds.
  path: Assets/Luis/Shaders/Jell-o.shadergraph
  artifactKey: Guid(19b9d9f20379c8f44a11baac0875a870) Importer(815301076,1909f56bfc062723c751e8b465ee728b)
Start importing Assets/Luis/Shaders/Jell-o.shadergraph using Guid(19b9d9f20379c8f44a11baac0875a870) Importer(815301076,1909f56bfc062723c751e8b465ee728b)  -> (artifact id: 'cc33fec431d079dda8beb6035e6d69fc') in 0.005882 seconds 
========================================================================
Received Import Request.
  Time since last request: 396.055387 seconds.
  path: Assets/Luis/Shaders/Jell-o.shadergraph
  artifactKey: Guid(19b9d9f20379c8f44a11baac0875a870) Importer(815301076,1909f56bfc062723c751e8b465ee728b)
Start importing Assets/Luis/Shaders/Jell-o.shadergraph using Guid(19b9d9f20379c8f44a11baac0875a870) Importer(815301076,1909f56bfc062723c751e8b465ee728b)  -> (artifact id: '7cf613a15ce785a460cdf104f77890bf') in 0.002344 seconds 
========================================================================
Received Import Request.
  Time since last request: 18.474536 seconds.
  path: Assets/Luis/Shaders/HaloDisappear.shadergraph
  artifactKey: Guid(f740bf71988d50140bc608457c5799d7) Importer(815301076,1909f56bfc062723c751e8b465ee728b)
Start importing Assets/Luis/Shaders/HaloDisappear.shadergraph using Guid(f740bf71988d50140bc608457c5799d7) Importer(815301076,1909f56bfc062723c751e8b465ee728b)  -> (artifact id: 'c0afdf8eb7aa2eb67724a77f0aef1f36') in 0.007853 seconds 
========================================================================
Received Import Request.
  Time since last request: 835.777843 seconds.
  path: Assets/Luis/Shaders/HaloDisappear.shadergraph
  artifactKey: Guid(f740bf71988d50140bc608457c5799d7) Importer(815301076,1909f56bfc062723c751e8b465ee728b)
Start importing Assets/Luis/Shaders/HaloDisappear.shadergraph using Guid(f740bf71988d50140bc608457c5799d7) Importer(815301076,1909f56bfc062723c751e8b465ee728b)  -> (artifact id: '8a8b4037d79ed6fdd68d6ab8e4e0bf64') in 0.001894 seconds 
========================================================================
Received Import Request.
  Time since last request: 7.285793 seconds.
  path: Assets/Luis/Shaders/HaloDisappear.shadergraph
  artifactKey: Guid(f740bf71988d50140bc608457c5799d7) Importer(815301076,1909f56bfc062723c751e8b465ee728b)
Start importing Assets/Luis/Shaders/HaloDisappear.shadergraph using Guid(f740bf71988d50140bc608457c5799d7) Importer(815301076,1909f56bfc062723c751e8b465ee728b)  -> (artifact id: 'dd21adb5a484cdc37d60cb9080d0e0cf') in 0.001664 seconds 
========================================================================
Received Import Request.
  Time since last request: 9.395870 seconds.
  path: Assets/Luis/Materials/HaloDisappearM.mat
  artifactKey: Guid(391e2782fe556124d8b2a90856fa8c9c) Importer(815301076,1909f56bfc062723c751e8b465ee728b)
Start importing Assets/Luis/Materials/HaloDisappearM.mat using Guid(391e2782fe556124d8b2a90856fa8c9c) Importer(815301076,1909f56bfc062723c751e8b465ee728b)  -> (artifact id: '7b82439d5c4eeda9ba6c0bb8f9cd9bd6') in 0.183419 seconds 
========================================================================
Received Import Request.
  Time since last request: 0.000019 seconds.
  path: Assets/Luis/Materials/Retro ScreenM.mat
  artifactKey: Guid(129e97369cc29b6489c86b5436805835) Importer(815301076,1909f56bfc062723c751e8b465ee728b)
Start importing Assets/Luis/Materials/Retro ScreenM.mat using Guid(129e97369cc29b6489c86b5436805835) Importer(815301076,1909f56bfc062723c751e8b465ee728b)  -> (artifact id: 'c0cc7e10ca8c0fbfe89b1f2cef1cf9c0') in 0.070408 seconds 
========================================================================
Received Import Request.
  Time since last request: 32.512390 seconds.
  path: Assets/Rene/Shaders Camera/Helper.hlsl
  artifactKey: Guid(a1d862e77886faf458f9c8938e31ae11) Importer(815301076,1909f56bfc062723c751e8b465ee728b)
Start importing Assets/Rene/Shaders Camera/Helper.hlsl using Guid(a1d862e77886faf458f9c8938e31ae11) Importer(815301076,1909f56bfc062723c751e8b465ee728b)  -> (artifact id: 'd40203ee4965c7b36613ffc4140a4e0f') in 0.014380 seconds 
========================================================================
Received Import Request.
  Time since last request: 1.481464 seconds.
  path: Assets/Rene/Shaders Camera/HeatVision.shadergraph
  artifactKey: Guid(03b24e4119c25214f9f9b71689bc12d3) Importer(815301076,1909f56bfc062723c751e8b465ee728b)
Start importing Assets/Rene/Shaders Camera/HeatVision.shadergraph using Guid(03b24e4119c25214f9f9b71689bc12d3) Importer(815301076,1909f56bfc062723c751e8b465ee728b)  -> (artifact id: '28831b20ee43efa1a41eba8a1cd491df') in 0.005165 seconds 
